
SQL*Loader: Release 11.2.0.1.0 - Production on Sun Feb 24 17:05:41 2019

Copyright (c) 1982, 2009, Oracle and/or its affiliates.  All rights reserved.

Control File:   load_proj.ctl
Data File:      load_proj.dat
  Bad File:     load_proj.bad
  Discard File:  none specified
 
 (Allow all discards)

Number to load: ALL
Number to skip: 0
Errors allowed: 50
Bind array:     64 rows, maximum of 256000 bytes
Continuation:    none specified
Path used:      Conventional

Table PROJ, loaded from every logical record.
Insert option in effect for this table: APPEND

   Column Name                  Position   Len  Term Encl Datatype
------------------------------ ---------- ----- ---- ---- ---------------------
PRONUMBER                           FIRST     *   /       CHARACTER            
PROJNAME                             NEXT     *   /       CHARACTER            
DEPTNO                               NEXT     *   /       CHARACTER            

Record 1: Rejected - Error on table PROJ, column PRONUMBER.
ORA-01722: invalid number


Table PROJ:
  4 Rows successfully loaded.
  1 Row not loaded due to data errors.
  0 Rows not loaded because all WHEN clauses were failed.
  0 Rows not loaded because all fields were null.


Space allocated for bind array:                  49536 bytes(64 rows)
Read   buffer bytes: 1048576

Total logical records skipped:          0
Total logical records read:             5
Total logical records rejected:         1
Total logical records discarded:        0

Run began on Sun Feb 24 17:05:41 2019
Run ended on Sun Feb 24 17:05:44 2019

Elapsed time was:     00:00:02.28
CPU time was:         00:00:00.02
