
SQL*Loader: Release 11.2.0.1.0 - Production on Sun Feb 24 16:47:27 2019

Copyright (c) 1982, 2009, Oracle and/or its affiliates.  All rights reserved.

Control File:   load_emp.ctl
Data File:      load_emp.dat
  Bad File:     load_emp.bad
  Discard File:  none specified
 
 (Allow all discards)

Number to load: ALL
Number to skip: 0
Errors allowed: 50
Bind array:     64 rows, maximum of 256000 bytes
Continuation:    none specified
Path used:      Conventional

Table EMP, loaded from every logical record.
Insert option in effect for this table: APPEND

   Column Name                  Position   Len  Term Encl Datatype
------------------------------ ---------- ----- ---- ---- ---------------------
EMPNO                               FIRST     *   /       CHARACTER            
FNAME                                NEXT     *   /       CHARACTER            
LNAME                                NEXT     *   /       CHARACTER            
ADDRESS                              NEXT     *   /       CHARACTER            
SEX                                  NEXT     *   /       CHARACTER            
SALARY                               NEXT     *   /       CHARACTER            
POSTITION                            NEXT     *   /       CHARACTER            


Table EMP:
  8 Rows successfully loaded.
  0 Rows not loaded due to data errors.
  0 Rows not loaded because all WHEN clauses were failed.
  0 Rows not loaded because all fields were null.


Space allocated for bind array:                 115584 bytes(64 rows)
Read   buffer bytes: 1048576

Total logical records skipped:          0
Total logical records read:             8
Total logical records rejected:         0
Total logical records discarded:        0

Run began on Sun Feb 24 16:47:27 2019
Run ended on Sun Feb 24 16:47:29 2019

Elapsed time was:     00:00:01.80
CPU time was:         00:00:00.02
